#-----------------------------------------------------------
# Vivado v2024.2 (64-bit)
# SW Build 5239630 on Fri Nov 08 22:35:27 MST 2024
# IP Build 5239520 on Sun Nov 10 16:12:51 MST 2024
# SharedData Build 5239561 on Fri Nov 08 14:39:27 MST 2024
# Start of session at: Sun Jun 29 20:12:58 2025
# Process ID         : 16216
# Current directory  : C:/Users/PC/Documents/School/FHTechnikum/Semester4/Microelectr/Projekt/MIC-Project/Project/impl
# Command line       : vivado.exe -gui_launcher_event rodinguilauncherevent37900 C:\Users\PC\Documents\School\FHTechnikum\Semester4\Microelectr\Projekt\MIC-Project\Project\impl\Project_Counter.xpr
# Log file           : C:/Users/PC/Documents/School/FHTechnikum/Semester4/Microelectr/Projekt/MIC-Project/Project/impl/vivado.log
# Journal file       : C:/Users/PC/Documents/School/FHTechnikum/Semester4/Microelectr/Projekt/MIC-Project/Project/impl\vivado.jou
# Running On         : DESKTOP-EHP1IHP
# Platform           : Windows Server 2016 or Windows 10
# Operating System   : 26100
# Processor Detail   : AMD Ryzen 5 5600X 6-Core Processor             
# CPU Frequency      : 3700 MHz
# CPU Physical cores : 6
# CPU Logical cores  : 12
# Host memory        : 34268 MB
# Swap memory        : 27917 MB
# Total Virtual      : 62185 MB
# Available Virtual  : 32459 MB
#-----------------------------------------------------------
start_gui
open_project C:/Users/PC/Documents/School/FHTechnikum/Semester4/Microelectr/Projekt/MIC-Project/Project/impl/Project_Counter.xpr
INFO: [ProjectBase 1-489] The host OS only allows 260 characters in a normal path. The project is stored in a path with more than 80 characters. If you experience issues with IP, Block Designs, or files not being found, please consider moving the project to a location with a shorter path. Alternately consider using the OS subst command to map part of the path to a drive letter.
Current project path is 'C:/Users/PC/Documents/School/FHTechnikum/Semester4/Microelectr/Projekt/MIC-Project/Project/impl'
INFO: [filemgmt 56-3] Default IP Output Path : Could not find the directory 'C:/Users/PC/Documents/School/FHTechnikum/Semester4/Microelectr/Projekt/MIC-Project/Project/impl/Project_Counter.gen/sources_1'.
Scanning sources...
Finished scanning sources
INFO: [IP_Flow 19-234] Refreshing IP repositories
INFO: [IP_Flow 19-1704] No user IP repositories specified
INFO: [IP_Flow 19-2313] Loaded Vivado IP repository 'E:/Programs/Xilinx/Vivado/2024.2/data/ip'.
update_compile_order -fileset sources_1
reset_run synth_1
INFO: [Project 1-1161] Replacing file C:/Users/PC/Documents/School/FHTechnikum/Semester4/Microelectr/Projekt/MIC-Project/Project/impl/Project_Counter.srcs/utils_1/imports/synth_1/cntr_top.dcp with file C:/Users/PC/Documents/School/FHTechnikum/Semester4/Microelectr/Projekt/MIC-Project/Project/impl/Project_Counter.runs/synth_1/cntr_top.dcp
launch_runs synth_1 -jobs 6
[Sun Jun 29 20:13:42 2025] Launched synth_1...
Run output will be captured here: C:/Users/PC/Documents/School/FHTechnikum/Semester4/Microelectr/Projekt/MIC-Project/Project/impl/Project_Counter.runs/synth_1/runme.log
reset_run synth_1
INFO: [Project 1-1161] Replacing file C:/Users/PC/Documents/School/FHTechnikum/Semester4/Microelectr/Projekt/MIC-Project/Project/impl/Project_Counter.srcs/utils_1/imports/synth_1/cntr_top.dcp with file C:/Users/PC/Documents/School/FHTechnikum/Semester4/Microelectr/Projekt/MIC-Project/Project/impl/Project_Counter.runs/synth_1/cntr_top.dcp
launch_runs synth_1 -jobs 6
[Sun Jun 29 20:14:39 2025] Launched synth_1...
Run output will be captured here: C:/Users/PC/Documents/School/FHTechnikum/Semester4/Microelectr/Projekt/MIC-Project/Project/impl/Project_Counter.runs/synth_1/runme.log
launch_runs impl_1 -to_step write_bitstream -jobs 6
[Sun Jun 29 20:15:19 2025] Launched impl_1...
Run output will be captured here: C:/Users/PC/Documents/School/FHTechnikum/Semester4/Microelectr/Projekt/MIC-Project/Project/impl/Project_Counter.runs/impl_1/runme.log
open_hw_manager
connect_hw_server -allow_non_jtag
INFO: [Labtools 27-2285] Connecting to hw_server url TCP:localhost:3121
INFO: [Labtools 27-2222] Launching hw_server...
INFO: [Labtools 27-2221] Launch Output:

****** Xilinx hw_server v2024.2
  **** Build date : Oct 29 2024 at 10:25:41
    ** Copyright 1986-2022 Xilinx, Inc. All Rights Reserved.


INFO: [Labtools 27-3415] Connecting to cs_server url TCP:localhost:0
INFO: [Labtools 27-3417] Launching cs_server...
INFO: [Labtools 27-2221] Launch Output:


******** Xilinx cs_server v2024.2.0
  ****** Build date   : Oct 30 2024-19:19:07
    **** Build number : 2024.2.1730312347
      ** Copyright 2017-2022 Xilinx, Inc. All Rights Reserved.
      ** Copyright 2022-2025 Advanced Micro Devices, Inc. All Rights Reserved.



connect_hw_server: Time (s): cpu = 00:00:00 ; elapsed = 00:00:07 . Memory (MB): peak = 1147.320 ; gain = 19.301
open_hw_target
INFO: [Labtoolstcl 44-466] Opening hw_target localhost:3121/xilinx_tcf/Digilent/210183ACB283A
set_property PROGRAM.FILE {C:/Users/PC/Documents/School/FHTechnikum/Semester4/Microelectr/Projekt/MIC-Project/Project/impl/Project_Counter.runs/impl_1/cntr_top.bit} [get_hw_devices xc7a35t_0]
current_hw_device [get_hw_devices xc7a35t_0]
refresh_hw_device -update_hw_probes false [lindex [get_hw_devices xc7a35t_0] 0]
INFO: [Labtools 27-1435] Device xc7a35t (JTAG device index = 0) is not programmed (DONE status = 0).
set_property PROBES.FILE {} [get_hw_devices xc7a35t_0]
set_property FULL_PROBES.FILE {} [get_hw_devices xc7a35t_0]
set_property PROGRAM.FILE {C:/Users/PC/Documents/School/FHTechnikum/Semester4/Microelectr/Projekt/MIC-Project/Project/impl/Project_Counter.runs/impl_1/cntr_top.bit} [get_hw_devices xc7a35t_0]
program_hw_devices [get_hw_devices xc7a35t_0]
INFO: [Labtools 27-3164] End of startup status: HIGH
refresh_hw_device [lindex [get_hw_devices xc7a35t_0] 0]
INFO: [Labtools 27-1434] Device xc7a35t (JTAG device index = 0) is programmed with a design that has no supported debug core(s) in it.
close_hw_manager
exit
INFO: [Common 17-206] Exiting Vivado at Sun Jun 29 20:19:45 2025...
